<?xml version="1.0" encoding="UTF-8"?>
<!-- Generated by org.testng.reporters.JUnitReportReporter -->
<testsuite skipped="0" hostname="BANL1699b0a1b.local" name="com.sample.HttpClientapiTest.TestClass" tests="1" failures="0" timestamp="13 Mar 2019 06:21:02 GMT" time="1.626" errors="0">
  <testcase name="test1" time="1.626" classname="com.sample.HttpClientapiTest.TestClass"/>
</testsuite> <!-- com.sample.HttpClientapiTest.TestClass -->
